SF:/Users/ninjafx/microservices/eShopOnContainers/src/Services/Basket/Basket.Application/UseCases/UpdateBasket/UpdateBasketCommandHandler.cs
FN:15,System.Void Basket.Application.UseCases.UpdateBasket.UpdateBasketCommandHandler::.ctor(Basket.Domain.Assemblers.Interfaces.IBasketAssembler,Basket.Domain.RepositoryInterfaces.IBasketCommandRepository)
FNDA:3,System.Void Basket.Application.UseCases.UpdateBasket.UpdateBasketCommandHandler::.ctor(Basket.Domain.Assemblers.Interfaces.IBasketAssembler,Basket.Domain.RepositoryInterfaces.IBasketCommandRepository)
DA:16,3
DA:17,3
DA:18,3
DA:19,3
DA:20,3
DA:21,3
FN:32,System.Void Basket.Application.UseCases.UpdateBasket.UpdateBasketCommandHandler/<Handle>d__3::MoveNext()
FNDA:3,System.Void Basket.Application.UseCases.UpdateBasket.UpdateBasketCommandHandler/<Handle>d__3::MoveNext()
DA:33,3
DA:34,3
DA:35,1
DA:36,1
DA:37,1
DA:38,1
DA:39,1
DA:40,1
DA:43,2
DA:44,2
DA:45,2
DA:47,2
DA:48,2
DA:49,1
DA:50,1
DA:51,1
DA:52,1
DA:53,1
DA:54,1
DA:57,1
DA:58,1
DA:59,1
DA:60,1
DA:61,1
DA:62,3
BRDA:34,29,0,1
BRDA:34,29,1,2
BRDA:47,137,1,2
BRDA:48,245,0,1
BRDA:48,245,1,1
LF:31
LH:31
BRF:5
BRH:5
FNF:2
FNH:2
end_of_record
SF:/Users/ninjafx/microservices/eShopOnContainers/src/Services/Basket/Basket.Application/UseCases/GetBasketById/GetBasketByIdCommandHandler.cs
FN:16,System.Void Basket.Application.UseCases.GetBasketById.GetBasketByIdCommandHandler::.ctor(Basket.Domain.Assemblers.Interfaces.IBasketAssembler,Basket.Domain.RepositoryInterfaces.IBasketQueryRepository)
FNDA:3,System.Void Basket.Application.UseCases.GetBasketById.GetBasketByIdCommandHandler::.ctor(Basket.Domain.Assemblers.Interfaces.IBasketAssembler,Basket.Domain.RepositoryInterfaces.IBasketQueryRepository)
DA:17,3
DA:18,3
DA:19,3
DA:20,3
DA:21,3
DA:22,3
FN:25,System.Void Basket.Application.UseCases.GetBasketById.GetBasketByIdCommandHandler/<Handle>d__3::MoveNext()
FNDA:3,System.Void Basket.Application.UseCases.GetBasketById.GetBasketByIdCommandHandler/<Handle>d__3::MoveNext()
DA:26,3
DA:27,3
DA:28,1
DA:29,1
DA:30,1
DA:31,1
DA:32,1
DA:33,1
DA:36,2
DA:37,2
DA:38,1
DA:39,1
DA:40,1
DA:41,1
DA:42,1
DA:43,1
DA:44,1
DA:45,1
DA:46,1
DA:47,1
DA:48,1
DA:49,1
DA:50,1
DA:53,1
DA:54,1
DA:55,1
DA:56,1
DA:57,1
DA:58,3
BRDA:27,29,0,1
BRDA:27,29,1,2
BRDA:36,109,1,2
BRDA:37,224,0,1
BRDA:37,224,1,1
LF:35
LH:35
BRF:5
BRH:5
FNF:2
FNH:2
end_of_record
SF:/Users/ninjafx/microservices/eShopOnContainers/src/Services/Basket/Basket.Application/UseCases/DeleteBasket/DeleteBasketCommandHandler.cs
FN:14,System.Void Basket.Application.UseCases.DeleteBasket.DeleteBasketCommandHandler::.ctor(Basket.Domain.RepositoryInterfaces.IBasketCommandRepository)
FNDA:3,System.Void Basket.Application.UseCases.DeleteBasket.DeleteBasketCommandHandler::.ctor(Basket.Domain.RepositoryInterfaces.IBasketCommandRepository)
DA:15,3
DA:16,3
DA:17,3
DA:18,3
FN:21,System.Void Basket.Application.UseCases.DeleteBasket.DeleteBasketCommandHandler/<Handle>d__2::MoveNext()
FNDA:3,System.Void Basket.Application.UseCases.DeleteBasket.DeleteBasketCommandHandler/<Handle>d__2::MoveNext()
DA:22,3
DA:23,3
DA:24,1
DA:25,1
DA:26,1
DA:27,1
DA:28,1
DA:29,1
DA:32,2
DA:33,2
DA:34,1
DA:35,1
DA:36,1
DA:37,1
DA:38,1
DA:39,1
DA:42,1
DA:43,1
DA:44,1
DA:45,1
DA:46,3
BRDA:23,29,0,1
BRDA:23,29,1,2
BRDA:32,109,1,2
BRDA:33,217,0,1
BRDA:33,217,1,1
LF:25
LH:25
BRF:5
BRH:5
FNF:2
FNH:2
end_of_record
SF:/Users/ninjafx/microservices/eShopOnContainers/src/Services/Basket/Basket.Application/UseCases/CheckoutBasket/CheckoutBasketCommandHandler.cs
FN:18,System.Void Basket.Application.UseCases.CheckoutBasket.CheckoutBasketCommandHandler::.ctor(Basket.Domain.RepositoryInterfaces.IBasketQueryRepository,Basket.Domain.Assemblers.Interfaces.IBasketAssembler,Basket.Infrastructure.Bus.IEventBus)
FNDA:0,System.Void Basket.Application.UseCases.CheckoutBasket.CheckoutBasketCommandHandler::.ctor(Basket.Domain.RepositoryInterfaces.IBasketQueryRepository,Basket.Domain.Assemblers.Interfaces.IBasketAssembler,Basket.Infrastructure.Bus.IEventBus)
DA:19,0
DA:20,0
DA:21,0
DA:22,0
DA:23,0
DA:24,0
DA:25,0
FN:37,System.Void Basket.Application.UseCases.CheckoutBasket.CheckoutBasketCommandHandler/<Handle>d__4::MoveNext()
FNDA:0,System.Void Basket.Application.UseCases.CheckoutBasket.CheckoutBasketCommandHandler/<Handle>d__4::MoveNext()
DA:38,0
DA:39,0
DA:41,0
DA:42,0
DA:44,0
DA:45,0
DA:46,0
DA:47,0
DA:48,0
DA:49,0
DA:50,0
DA:51,0
DA:52,0
DA:53,0
DA:54,0
DA:55,0
DA:56,0
DA:57,0
DA:58,0
DA:59,0
DA:62,0
DA:63,0
DA:64,0
DA:65,0
BRDA:38,14,0,0
BRDA:39,72,0,0
BRDA:39,72,1,0
BRDA:41,186,0,0
BRDA:41,186,1,0
BRDA:62,433,0,0
BRDA:38,14,1,0
BRDA:62,433,1,0
LF:31
LH:0
BRF:8
BRH:0
FNF:2
FNH:0
end_of_record
SF:/Users/ninjafx/microservices/eShopOnContainers/src/Services/Basket/Basket.Domain/Events/EventBase.cs
FN:16,System.Guid Basket.Domain.Events.EventBase::get_Id()
FNDA:12,System.Guid Basket.Domain.Events.EventBase::get_Id()
DA:17,12
FN:17,System.Int32 Basket.Domain.Events.EventBase::get_EventVersion()
FNDA:12,System.Int32 Basket.Domain.Events.EventBase::get_EventVersion()
DA:18,12
FN:18,System.DateTime Basket.Domain.Events.EventBase::get_OccurredOn()
FNDA:12,System.DateTime Basket.Domain.Events.EventBase::get_OccurredOn()
DA:19,12
LF:3
LH:3
BRF:0
BRH:0
FNF:3
FNH:3
end_of_record
SF:/Users/ninjafx/microservices/eShopOnContainers/src/Services/Basket/Basket.Domain/Entities/BasketItem.cs
FN:14,System.Int32 Basket.Domain.Entities.BasketItem::get_ProductId()
FNDA:3,System.Int32 Basket.Domain.Entities.BasketItem::get_ProductId()
DA:15,3
FN:15,System.String Basket.Domain.Entities.BasketItem::get_ProductName()
FNDA:3,System.String Basket.Domain.Entities.BasketItem::get_ProductName()
DA:16,3
FN:16,Basket.Domain.ValueObjects.Money Basket.Domain.Entities.BasketItem::get_UnitPrice()
FNDA:3,Basket.Domain.ValueObjects.Money Basket.Domain.Entities.BasketItem::get_UnitPrice()
DA:17,3
FN:17,Basket.Domain.ValueObjects.Money Basket.Domain.Entities.BasketItem::get_OldUnitPrice()
FNDA:3,Basket.Domain.ValueObjects.Money Basket.Domain.Entities.BasketItem::get_OldUnitPrice()
DA:18,3
FN:18,System.Int32 Basket.Domain.Entities.BasketItem::get_Quantity()
FNDA:3,System.Int32 Basket.Domain.Entities.BasketItem::get_Quantity()
DA:19,3
FN:19,System.String Basket.Domain.Entities.BasketItem::get_PictureUrl()
FNDA:3,System.String Basket.Domain.Entities.BasketItem::get_PictureUrl()
DA:20,3
FN:34,Basket.Domain.Entities.BasketItem Basket.Domain.Entities.BasketItem::Load(Basket.Domain.Contracts.BasketItemContract)
FNDA:10,Basket.Domain.Entities.BasketItem Basket.Domain.Entities.BasketItem::Load(Basket.Domain.Contracts.BasketItemContract)
DA:35,10
DA:36,10
DA:37,10
DA:39,9
DA:40,9
DA:42,7
DA:43,7
DA:44,7
DA:46,6
DA:47,6
DA:49,4
DA:50,4
DA:51,4
DA:53,3
DA:54,3
DA:55,3
DA:56,3
DA:57,3
DA:58,3
DA:59,3
DA:60,3
FN:23,System.Void Basket.Domain.Entities.BasketItem::.ctor(System.Int32,System.String,Basket.Domain.ValueObjects.Money,Basket.Domain.ValueObjects.Money,System.Int32,System.String)
FNDA:3,System.Void Basket.Domain.Entities.BasketItem::.ctor(System.Int32,System.String,Basket.Domain.ValueObjects.Money,Basket.Domain.ValueObjects.Money,System.Int32,System.String)
DA:24,3
DA:25,3
DA:26,3
DA:27,3
DA:28,3
DA:29,3
DA:30,3
DA:31,3
DA:32,3
LF:36
LH:36
BRF:0
BRH:0
FNF:8
FNH:8
end_of_record
SF:/Users/ninjafx/microservices/eShopOnContainers/src/Services/Basket/Basket.Domain/Commands/GetBasketById/CommandResultBase.cs
FN:7,Basket.Domain.Commands.ValidationState Basket.Domain.Commands.GetBasketById.CommandResultBase::get_ValidateState()
FNDA:27,Basket.Domain.Commands.ValidationState Basket.Domain.Commands.GetBasketById.CommandResultBase::get_ValidateState()
DA:8,27
FN:8,System.Collections.Generic.IEnumerable`1<Basket.Domain.Contracts.MessageContractDto> Basket.Domain.Commands.GetBasketById.CommandResultBase::get_Messages()
FNDA:1,System.Collections.Generic.IEnumerable`1<Basket.Domain.Contracts.MessageContractDto> Basket.Domain.Commands.GetBasketById.CommandResultBase::get_Messages()
DA:9,1
FN:9,System.String Basket.Domain.Commands.GetBasketById.CommandResultBase::get_ReturnPath()
FNDA:12,System.String Basket.Domain.Commands.GetBasketById.CommandResultBase::get_ReturnPath()
DA:10,12
FN:11,System.Boolean Basket.Domain.Commands.GetBasketById.CommandResultBase::get_Success()
FNDA:9,System.Boolean Basket.Domain.Commands.GetBasketById.CommandResultBase::get_Success()
DA:12,9
LF:4
LH:4
BRF:0
BRH:0
FNF:4
FNH:4
end_of_record
SF:/Users/ninjafx/microservices/eShopOnContainers/src/Services/Basket/Basket.Domain/Commands/CheckoutBasket/CheckoutBasketCommand.cs
FN:8,System.String Basket.Domain.Commands.CheckoutBasket.CheckoutBasketCommand::get_City()
FNDA:0,System.String Basket.Domain.Commands.CheckoutBasket.CheckoutBasketCommand::get_City()
DA:9,0
FN:10,System.String Basket.Domain.Commands.CheckoutBasket.CheckoutBasketCommand::get_Street()
FNDA:0,System.String Basket.Domain.Commands.CheckoutBasket.CheckoutBasketCommand::get_Street()
DA:11,0
FN:12,System.String Basket.Domain.Commands.CheckoutBasket.CheckoutBasketCommand::get_State()
FNDA:0,System.String Basket.Domain.Commands.CheckoutBasket.CheckoutBasketCommand::get_State()
DA:13,0
FN:14,System.String Basket.Domain.Commands.CheckoutBasket.CheckoutBasketCommand::get_Country()
FNDA:0,System.String Basket.Domain.Commands.CheckoutBasket.CheckoutBasketCommand::get_Country()
DA:15,0
FN:16,System.String Basket.Domain.Commands.CheckoutBasket.CheckoutBasketCommand::get_ZipCode()
FNDA:0,System.String Basket.Domain.Commands.CheckoutBasket.CheckoutBasketCommand::get_ZipCode()
DA:17,0
FN:18,System.String Basket.Domain.Commands.CheckoutBasket.CheckoutBasketCommand::get_CardNumber()
FNDA:0,System.String Basket.Domain.Commands.CheckoutBasket.CheckoutBasketCommand::get_CardNumber()
DA:19,0
FN:20,System.String Basket.Domain.Commands.CheckoutBasket.CheckoutBasketCommand::get_CardHolderName()
FNDA:0,System.String Basket.Domain.Commands.CheckoutBasket.CheckoutBasketCommand::get_CardHolderName()
DA:21,0
FN:22,System.DateTime Basket.Domain.Commands.CheckoutBasket.CheckoutBasketCommand::get_CardExpiration()
FNDA:0,System.DateTime Basket.Domain.Commands.CheckoutBasket.CheckoutBasketCommand::get_CardExpiration()
DA:23,0
FN:24,System.String Basket.Domain.Commands.CheckoutBasket.CheckoutBasketCommand::get_CardSecurityNumber()
FNDA:0,System.String Basket.Domain.Commands.CheckoutBasket.CheckoutBasketCommand::get_CardSecurityNumber()
DA:25,0
FN:26,System.Int32 Basket.Domain.Commands.CheckoutBasket.CheckoutBasketCommand::get_CardTypeId()
FNDA:0,System.Int32 Basket.Domain.Commands.CheckoutBasket.CheckoutBasketCommand::get_CardTypeId()
DA:27,0
FN:28,System.String Basket.Domain.Commands.CheckoutBasket.CheckoutBasketCommand::get_Buyer()
FNDA:0,System.String Basket.Domain.Commands.CheckoutBasket.CheckoutBasketCommand::get_Buyer()
DA:29,0
FN:29,System.String Basket.Domain.Commands.CheckoutBasket.CheckoutBasketCommand::get_BuyerId()
FNDA:0,System.String Basket.Domain.Commands.CheckoutBasket.CheckoutBasketCommand::get_BuyerId()
DA:30,0
FN:31,System.Guid Basket.Domain.Commands.CheckoutBasket.CheckoutBasketCommand::get_RequestId()
FNDA:0,System.Guid Basket.Domain.Commands.CheckoutBasket.CheckoutBasketCommand::get_RequestId()
DA:32,0
LF:13
LH:0
BRF:0
BRH:0
FNF:13
FNH:0
end_of_record
SF:/Users/ninjafx/microservices/eShopOnContainers/src/Services/Basket/Basket.Domain/Aggregates/Basket.cs
FN:20,System.String Basket.Domain.Aggregates.Basket::get_BuyerId()
FNDA:12,System.String Basket.Domain.Aggregates.Basket::get_BuyerId()
DA:21,12
FN:22,System.Collections.Generic.List`1<Basket.Domain.Entities.BasketItem> Basket.Domain.Aggregates.Basket::get_Items()
FNDA:16,System.Collections.Generic.List`1<Basket.Domain.Entities.BasketItem> Basket.Domain.Aggregates.Basket::get_Items()
DA:23,16
FN:44,Basket.Domain.Aggregates.Basket Basket.Domain.Aggregates.Basket::Load(Basket.Domain.Commands.UpdateBasket.UpdateBasketCommand)
FNDA:11,Basket.Domain.Aggregates.Basket Basket.Domain.Aggregates.Basket::Load(Basket.Domain.Commands.UpdateBasket.UpdateBasketCommand)
DA:45,11
DA:46,11
DA:47,11
DA:49,10
DA:50,10
DA:52,9
DA:53,9
FN:55,Basket.Domain.Aggregates.Basket Basket.Domain.Aggregates.Basket::AddCartItem(System.Collections.Generic.IEnumerable`1<Basket.Domain.Contracts.BasketItemContract>)
FNDA:4,Basket.Domain.Aggregates.Basket Basket.Domain.Aggregates.Basket::AddCartItem(System.Collections.Generic.IEnumerable`1<Basket.Domain.Contracts.BasketItemContract>)
DA:56,4
DA:57,4
DA:58,4
DA:59,4
DA:61,3
DA:62,15
DA:63,3
DA:64,3
DA:65,3
DA:66,3
DA:67,3
DA:69,3
DA:70,3
BRDA:57,2,0,3
BRDA:57,2,1,1
BRDA:62,113,1,3
BRDA:62,113,0,3
FN:30,System.Void Basket.Domain.Aggregates.Basket::.ctor(System.String,System.Collections.Generic.List`1<Basket.Domain.Entities.BasketItem>)
FNDA:9,System.Void Basket.Domain.Aggregates.Basket::.ctor(System.String,System.Collections.Generic.List`1<Basket.Domain.Entities.BasketItem>)
DA:31,9
DA:32,9
DA:33,9
DA:34,9
DA:35,9
DA:36,9
LF:28
LH:28
BRF:4
BRH:4
FNF:5
FNH:5
end_of_record
SF:/Users/ninjafx/microservices/eShopOnContainers/src/Services/Basket/Basket.Infrastructure/Repositories/BasketCommandRepository.cs
FN:17,System.Void Basket.Infrastructure.Repositories.BasketCommandRepository::.ctor(Microsoft.Extensions.Logging.ILogger`1<Basket.Infrastructure.Repositories.BasketQueryRepository>,StackExchange.Redis.ConnectionMultiplexer)
FNDA:0,System.Void Basket.Infrastructure.Repositories.BasketCommandRepository::.ctor(Microsoft.Extensions.Logging.ILogger`1<Basket.Infrastructure.Repositories.BasketQueryRepository>,StackExchange.Redis.ConnectionMultiplexer)
DA:18,0
DA:19,0
DA:20,0
DA:21,0
DA:22,0
DA:23,0
FN:25,System.Void Basket.Infrastructure.Repositories.BasketCommandRepository/<SaveAsync>d__3::MoveNext()
FNDA:0,System.Void Basket.Infrastructure.Repositories.BasketCommandRepository/<SaveAsync>d__3::MoveNext()
DA:26,0
DA:27,0
DA:28,0
DA:29,0
BRDA:28,138,0,0
BRDA:28,138,1,0
FN:31,System.Void Basket.Infrastructure.Repositories.BasketCommandRepository/<DeleteAsync>d__4::MoveNext()
FNDA:0,System.Void Basket.Infrastructure.Repositories.BasketCommandRepository/<DeleteAsync>d__4::MoveNext()
DA:32,0
DA:33,0
DA:34,0
DA:35,0
BRDA:34,99,0,0
BRDA:34,99,1,0
LF:14
LH:0
BRF:4
BRH:0
FNF:3
FNH:0
end_of_record
SF:/Users/ninjafx/microservices/eShopOnContainers/src/Services/Basket/Basket.Infrastructure/Repositories/BasketQueryRepository.cs
FN:14,System.Void Basket.Infrastructure.Repositories.BasketQueryRepository::.ctor(Microsoft.Extensions.Logging.ILogger`1<Basket.Infrastructure.Repositories.BasketQueryRepository>,StackExchange.Redis.ConnectionMultiplexer)
FNDA:0,System.Void Basket.Infrastructure.Repositories.BasketQueryRepository::.ctor(Microsoft.Extensions.Logging.ILogger`1<Basket.Infrastructure.Repositories.BasketQueryRepository>,StackExchange.Redis.ConnectionMultiplexer)
DA:15,0
DA:16,0
DA:17,0
DA:18,0
DA:19,0
FN:27,System.Void Basket.Infrastructure.Repositories.BasketQueryRepository/<GetBasketAsync>d__3::MoveNext()
FNDA:0,System.Void Basket.Infrastructure.Repositories.BasketQueryRepository/<GetBasketAsync>d__3::MoveNext()
DA:28,0
DA:29,0
DA:30,0
DA:31,0
DA:32,0
DA:33,0
BRDA:29,56,0,0
BRDA:29,56,1,0
BRDA:30,180,0,0
BRDA:30,180,1,0
LF:11
LH:0
BRF:4
BRH:0
FNF:2
FNH:0
end_of_record
SF:/Users/ninjafx/microservices/eShopOnContainers/src/Services/Basket/Basket.Infrastructure/Repositories/Redis/RedisSettings.cs
FN:4,System.String Basket.Infrastructure.Repositories.Redis.RedisSettings::get_ConnectionString()
FNDA:0,System.String Basket.Infrastructure.Repositories.Redis.RedisSettings::get_ConnectionString()
DA:5,0
LF:1
LH:0
BRF:0
BRH:0
FNF:1
FNH:0
end_of_record
SF:/Users/ninjafx/microservices/eShopOnContainers/src/Services/Basket/Basket.Infrastructure/Bus/RabbitMq/ConnectionPooledObjectPolicy.cs
FN:25,RabbitMQ.Client.IConnection Basket.Infrastructure.Bus.RabbitMq.ConnectionPooledObjectPolicy::Create()
FNDA:0,RabbitMQ.Client.IConnection Basket.Infrastructure.Bus.RabbitMq.ConnectionPooledObjectPolicy::Create()
DA:26,0
DA:27,0
DA:28,0
DA:29,0
DA:30,0
DA:31,0
DA:32,0
DA:33,0
DA:35,0
DA:36,0
DA:37,0
DA:38,0
DA:39,0
DA:40,0
DA:41,0
DA:42,0
DA:43,0
DA:44,0
DA:46,0
DA:47,0
DA:49,0
DA:50,0
BRDA:35,87,0,0
BRDA:35,87,1,0
FN:52,System.Boolean Basket.Infrastructure.Bus.RabbitMq.ConnectionPooledObjectPolicy::Return(RabbitMQ.Client.IConnection)
FNDA:0,System.Boolean Basket.Infrastructure.Bus.RabbitMq.ConnectionPooledObjectPolicy::Return(RabbitMQ.Client.IConnection)
DA:53,0
DA:54,0
DA:55,0
FN:14,System.Void Basket.Infrastructure.Bus.RabbitMq.ConnectionPooledObjectPolicy::.ctor(Microsoft.Extensions.Logging.ILogger`1<Basket.Infrastructure.Bus.RabbitMq.ConnectionPooledObjectPolicy>)
FNDA:0,System.Void Basket.Infrastructure.Bus.RabbitMq.ConnectionPooledObjectPolicy::.ctor(Microsoft.Extensions.Logging.ILogger`1<Basket.Infrastructure.Bus.RabbitMq.ConnectionPooledObjectPolicy>)
DA:15,0
DA:16,0
DA:17,0
DA:18,0
LF:29
LH:0
BRF:2
BRH:0
FNF:3
FNH:0
end_of_record
SF:/Users/ninjafx/microservices/eShopOnContainers/src/Services/Basket/Basket.Infrastructure/Bus/RabbitMq/EventBusRabbitMQ.cs
FN:20,System.Threading.Tasks.Task`1<System.Boolean> Basket.Infrastructure.Bus.RabbitMq.EventBusRabbitMq::PublishMessageAsync(TMessage,System.String,System.String,System.String)
FNDA:0,System.Threading.Tasks.Task`1<System.Boolean> Basket.Infrastructure.Bus.RabbitMq.EventBusRabbitMq::PublishMessageAsync(TMessage,System.String,System.String,System.String)
DA:21,0
DA:22,0
DA:24,0
DA:25,0
DA:26,0
DA:27,0
DA:28,0
DA:29,0
DA:31,0
DA:32,0
DA:34,0
DA:38,0
DA:39,0
DA:40,0
DA:41,0
FN:43,System.Byte[] Basket.Infrastructure.Bus.RabbitMq.EventBusRabbitMq::Serialize(T)
FNDA:0,System.Byte[] Basket.Infrastructure.Bus.RabbitMq.EventBusRabbitMq::Serialize(T)
DA:44,0
DA:45,0
DA:46,0
DA:47,0
DA:48,0
DA:49,0
DA:50,0
DA:51,0
DA:53,0
DA:55,0
FN:13,System.Void Basket.Infrastructure.Bus.RabbitMq.EventBusRabbitMq::.ctor(Microsoft.Extensions.ObjectPool.IPooledObjectPolicy`1<RabbitMQ.Client.IConnection>)
FNDA:0,System.Void Basket.Infrastructure.Bus.RabbitMq.EventBusRabbitMq::.ctor(Microsoft.Extensions.ObjectPool.IPooledObjectPolicy`1<RabbitMQ.Client.IConnection>)
DA:14,0
DA:15,0
DA:16,0
DA:17,0
LF:29
LH:0
BRF:0
BRH:0
FNF:3
FNH:0
end_of_record